Launching 2 parallel worker processes...
All worker processes launched. Waiting for completion... (You can safely close this terminal)
FATAL: Initial setup (my_intlab_mode_config) failed for worker 2. Check log/process_no2.log
FATAL: Initial setup (my_intlab_mode_config) failed for worker 1. Check log/process_no1.log
All processes have completed.
Launching 2 parallel worker processes...
All worker processes launched. Waiting for completion... (You can safely close this terminal)
Worker 2: Starting job j=1...
Worker 1: Starting job j=2...
Launching 2 parallel worker processes...
All worker processes launched. Waiting for completion... (You can safely close this terminal)
Worker 2: Starting job j=3...
Worker 1: Starting job j=4...
Worker 2: Starting job j=3...
Worker 1: Starting job j=4...
Worker 2: Starting job j=3...
Worker 1: Starting job j=4...
Worker 2: Starting job j=3...
Worker 1: Starting job j=4...
Launching 2 parallel worker processes...
All worker processes launched. Waiting for completion... (You can safely close this terminal)
Worker 1: Starting job j=5...
Worker 2: Starting job j=6...
Launching 2 parallel worker processes...
All worker processes launched. Waiting for completion... (You can safely close this terminal)
Worker 1: Starting job j=7...
Worker 2: Starting job j=8...
